<?xml version="1.0" encoding="UTF-8"?>
<testsuite name="no.nav.hag.ApplicationTest" tests="2" skipped="0" failures="0" errors="0" timestamp="2025-06-05T07:09:42.819Z" hostname="deviancies-Y9G5Q7" time="1.365">
  <properties/>
  <testcase name="testRoot" classname="no.nav.hag.ApplicationTest" time="0.815"/>
  <testcase name="testKlient" classname="no.nav.hag.ApplicationTest" time="0.549"/>
  <system-out><![CDATA[2025-06-05 09:09:43.537 [DefaultDispatcher-worker-2 @call-context#5] INFO  io.ktor.test - No ktor.deployment.watch patterns specified, automatic reload is not active.
2025-06-05 09:09:43.559 [DefaultDispatcher-worker-2 @call-context#5] INFO  io.ktor.test - Application started in 0.027 seconds.
2025-06-05 09:09:43.560 [DefaultDispatcher-worker-3 @coroutine#6] INFO  io.ktor.test - Responding at http://localhost:80
2025-06-05 09:09:43.560 [DefaultDispatcher-worker-3 @coroutine#6] INFO  io.ktor.test - Responding at https://localhost:443
<!DOCTYPE html>
<html>
  <head>
    <link href="/styles.css" rel="stylesheet" type="text/css">
  </head>
  <body>
    <h2>HAG Admin Tool</h2>
    <p>Logget inn som: John Ronald Reuel</p>
    <p><a href="admin-ui/ferdigstillOppgave-form.html">Ferdigstill oppgave</a></p>
    <p><a href="admin-ui/hardDeleteSak-form.html">Slett sak</a></p>
  </body>
</html>

2025-06-05 09:09:43.643 [Test worker @coroutine#22] INFO  n.n.h.a.ArbeidsgiverNotifikasjonKlient - Henter 'whoami' info fra arbeidsgiver-notifikasjon-api.
2025-06-05 09:09:43.643 [Test worker @coroutine#22] INFO  tjenestekall - Henter 'whoami' info fra arbeidsgiver-notifikasjon-api.
2025-06-05 09:09:44.183 [Test worker @coroutine#22] INFO  n.n.h.a.ArbeidsgiverNotifikasjonKlient - Whoami: 'nihil est odit aut veniam ut perferendis'.
2025-06-05 09:09:44.183 [Test worker @coroutine#22] INFO  tjenestekall - Whoami: 'nihil est odit aut veniam ut perferendis'.
nihil est odit aut veniam ut perferendis
]]></system-out>
  <system-err><![CDATA[WARNING: A Java agent has been loaded dynamically (/Users/Jesper.Forrest.Hustad/.gradle/caches/modules-2/files-2.1/net.bytebuddy/byte-buddy-agent/1.14.17/e3c251a39dc90badaf71c83427ba46840f219d8d/byte-buddy-agent-1.14.17.jar)
WARNING: If a serviceability tool is in use, please run with -XX:+EnableDynamicAgentLoading to hide this warning
WARNING: If a serviceability tool is not in use, please run with -Djdk.instrument.traceUsage for more information
WARNING: Dynamic loading of agents will be disallowed by default in a future release
]]></system-err>
</testsuite>
